[2026-02-15T16:18:58.090495] _on_send called; txt='what do you know'
[2026-02-15T16:18:58.090822] thread_alive=False
[2026-02-15T16:18:58.091079] action=start_with_greeting txt='what do you know'
[2026-02-15T16:20:13.410178] _on_send called; txt='what do you know'
[2026-02-15T16:20:13.410399] thread_alive=False
[2026-02-15T16:20:13.410588] action=start_with_greeting txt='what do you know'
[2026-02-15T16:21:07.741301] _on_send called; txt='what do you know?'
[2026-02-15T16:21:07.741536] thread_alive=False
[2026-02-15T16:21:07.741762] action=start_with_greeting txt='what do you know?'
[2026-02-15T16:21:55.668220] _on_send called; txt='what do you think about outer space?'
[2026-02-15T16:21:55.668439] thread_alive=True
[2026-02-15T16:21:55.668906] action=injected txt='what do you think about outer space?'
[2026-02-15T16:22:28.423860] _on_send called; txt='what do you think about outer space?'
[2026-02-15T16:22:28.424117] thread_alive=False
[2026-02-15T16:22:28.424292] action=start_with_greeting txt='what do you think about outer space?'
[2026-02-15T21:06:53.405630] _on_send called; txt='outdoor sex'
[2026-02-15T21:06:53.405881] thread_alive=False
[2026-02-15T21:06:53.406128] action=start_with_greeting txt='outdoor sex'
[2026-02-15T21:08:40.124944] _on_send called; txt='Ava what do you know?'
[2026-02-15T21:08:40.125172] thread_alive=False
[2026-02-15T21:08:40.125341] action=start_with_greeting txt='Ava what do you know?'
[2026-02-15T21:10:12.572279] _on_send called; txt='Orion tell me your best joke'
[2026-02-15T21:10:12.572513] thread_alive=False
[2026-02-15T21:10:12.572678] action=start_with_greeting txt='Orion tell me your best joke'
[2026-02-15T21:14:55.159523] _on_send called; txt='make up a topic'
[2026-02-15T21:14:55.159749] thread_alive=False
[2026-02-15T21:14:55.159912] action=start_with_greeting txt='make up a topic'
[2026-02-15T21:28:54.081944] _on_send called; txt=''
[2026-02-15T21:42:29.430402] _on_send called; txt=''
